[0m20:23:48.451562 [debug] [MainThread]: Sending event: {'category': 'dbt', 'action': 'invocation', 'label': 'start', 'context': [<snowplow_tracker.self_describing_json.SelfDescribingJson object at 0x00000206430AA1B0>, <snowplow_tracker.self_describing_json.SelfDescribingJson object at 0x00000206430AA120>, <snowplow_tracker.self_describing_json.SelfDescribingJson object at 0x0000020642DA7470>]}


============================== 20:23:48.451562 | 2aa512d2-f296-4ddd-85ef-dd6b561e4014 ==============================
[0m20:23:48.451562 [info ] [MainThread]: Running with dbt=1.11.7
[0m20:23:48.451562 [debug] [MainThread]: running dbt with arguments {'static_parser': 'True', 'no_print': 'None', 'version_check': 'True', 'target_path': 'None', 'warn_error_options': 'WarnErrorOptionsV2(error=[], warn=[], silence=[])', 'printer_width': '80', 'write_json': 'True', 'empty': 'None', 'log_cache_events': 'False', 'introspect': 'True', 'cache_selected_only': 'False', 'fail_fast': 'False', 'debug': 'False', 'log_format': 'default', 'profiles_dir': 'C:\\Users\\Pavi\\.dbt', 'send_anonymous_usage_stats': 'True', 'quiet': 'False', 'warn_error': 'None', 'partial_parse': 'True', 'use_colors': 'True', 'invocation_command': 'dbt init olist_project', 'indirect_selection': 'eager', 'use_experimental_parser': 'False', 'log_path': 'logs'}
[0m20:23:48.482717 [info ] [MainThread]: Creating dbt configuration folder at C:\Users\Pavi\.dbt
[0m20:23:48.500052 [debug] [MainThread]: Starter project path: C:\Users\Pavi\dbt-explainer\venv\Lib\site-packages\dbt\include\starter_project
[0m20:23:48.530186 [info ] [MainThread]: 
Your new dbt project "olist_project" was created!

For more information on how to configure the profiles.yml file,
please consult the dbt documentation here:

  https://docs.getdbt.com/docs/configure-your-profile

One more thing:

Need help? Don't hesitate to reach out to us via GitHub issues or on Slack:

  https://community.getdbt.com/

Happy modeling!

[0m20:23:48.530186 [info ] [MainThread]: Setting up your profile.
[0m20:26:06.472424 [info ] [MainThread]: Profile olist_project written to C:\Users\Pavi\.dbt\profiles.yml using target's profile_template.yml and your supplied values. Run 'dbt debug' to validate the connection.
[0m20:26:06.475706 [debug] [MainThread]: Command `dbt init` succeeded at 20:26:06.472424 after 138.25 seconds
[0m20:26:06.475706 [debug] [MainThread]: Sending event: {'category': 'dbt', 'action': 'invocation', 'label': 'end', 'context': [<snowplow_tracker.self_describing_json.SelfDescribingJson object at 0x0000020655C7C080>, <snowplow_tracker.self_describing_json.SelfDescribingJson object at 0x0000020655B6E0C0>, <snowplow_tracker.self_describing_json.SelfDescribingJson object at 0x00000206430AA1B0>]}
[0m20:26:06.476713 [debug] [MainThread]: Flushing usage events
[0m20:26:06.904477 [debug] [MainThread]: An error was encountered while trying to flush usage events
